
**** Build of configuration Debug for project lab_adc_final ****

"C:\\ti\\ccs1210\\ccs\\utils\\bin\\gmake" -k all 
 
Building file: "../lab_adc.c"
Invoking: ARM Compiler
"C:/ti/ccs1210/ccs/tools/compiler/ti-cgt-arm_20.2.7.LTS/bin/armcl" -mv7M4 --code_state=16 --float_support=FPv4SPD16 --abi=eabi -me -O2 --include_path="C:/ti/ccs1210/ccs/tools/compiler/ti-cgt-arm_20.2.7.LTS/include" --include_path="C:/ti/tivaware_c_series_2_1_4_178" --advice:power=all -g --gcc --define=ccs="ccs" --define=PART_TM4C123GH6PM --define=TARGET_IS_TM4C123_RB1 --diag_warning=225 --diag_wrap=off --display_error_number --gen_func_subsections=on --ual --preproc_with_compile --preproc_dependency="lab_adc.d_raw"  "../lab_adc.c"
"../lab_adc.c", line 42: remark #1527-D: (ULP 2.1) Detected SW delay loop using empty loop. Recommend using a timer module instead
"../lab_adc.c", line 65: remark #1527-D: (ULP 2.1) Detected SW delay loop using empty loop. Recommend using a timer module instead
"../lab_adc.c", line 72: remark #1527-D: (ULP 2.1) Detected SW delay loop using empty loop. Recommend using a timer module instead
"../lab_adc.c", line 88: remark #1527-D: (ULP 2.1) Detected SW delay loop using empty loop. Recommend using a timer module instead
"../lab_adc.c", line 93 (col. 20): remark #1531-D: (ULP 5.2) Detected floating point operation(s). Recommend moving them to RAM during run time or not using as these are processing/power intensive
"../lab_adc.c", line 96 (col. 22): remark #1531-D: (ULP 5.2) Detected floating point operation(s). Recommend moving them to RAM during run time or not using as these are processing/power intensive
"../lab_adc.c", line 100 (col. 44): remark #1531-D: (ULP 5.2) Detected floating point operation(s). Recommend moving them to RAM during run time or not using as these are processing/power intensive
Finished building: "../lab_adc.c"
 
Building file: "../startup_ccs.c"
Invoking: ARM Compiler
"C:/ti/ccs1210/ccs/tools/compiler/ti-cgt-arm_20.2.7.LTS/bin/armcl" -mv7M4 --code_state=16 --float_support=FPv4SPD16 --abi=eabi -me -O2 --include_path="C:/ti/ccs1210/ccs/tools/compiler/ti-cgt-arm_20.2.7.LTS/include" --include_path="C:/ti/tivaware_c_series_2_1_4_178" --advice:power=all -g --gcc --define=ccs="ccs" --define=PART_TM4C123GH6PM --define=TARGET_IS_TM4C123_RB1 --diag_warning=225 --diag_wrap=off --display_error_number --gen_func_subsections=on --ual --preproc_with_compile --preproc_dependency="startup_ccs.d_raw"  "../startup_ccs.c"
"../startup_ccs.c", line 256: remark #1527-D: (ULP 2.1) Detected SW delay loop using empty loop. Recommend using a timer module instead
"../startup_ccs.c", line 274: remark #1527-D: (ULP 2.1) Detected SW delay loop using empty loop. Recommend using a timer module instead
"../startup_ccs.c", line 292: remark #1527-D: (ULP 2.1) Detected SW delay loop using empty loop. Recommend using a timer module instead
Finished building: "../startup_ccs.c"
 
Building target: "lab_adc_final.out"
Invoking: ARM Linker
"C:/ti/ccs1210/ccs/tools/compiler/ti-cgt-arm_20.2.7.LTS/bin/armcl" -mv7M4 --code_state=16 --float_support=FPv4SPD16 --abi=eabi -me -O2 --advice:power=all -g --gcc --define=ccs="ccs" --define=PART_TM4C123GH6PM --define=TARGET_IS_TM4C123_RB1 --diag_warning=225 --diag_wrap=off --display_error_number --gen_func_subsections=on --ual -z -m"blinky_ccs.map" --stack_size=512 --heap_size=0 -i"C:/ti/ccs1210/ccs/tools/compiler/ti-cgt-arm_20.2.7.LTS/lib" -i"C:/ti/ccs1210/ccs/tools/compiler/ti-cgt-arm_20.2.7.LTS/include" --reread_libs --diag_wrap=off --display_error_number --warn_sections --xml_link_info="lab_adc_final_linkInfo.xml" --rom_model -o "lab_adc_final.out" "./lab_adc.obj" "./startup_ccs.obj" "../blinky_ccs.cmd"  -llibc.a -l"C:/ti/tivaware_c_series_2_1_4_178/driverlib/ccs/Debug/driverlib.lib" 
<Linking>
remark #10371-D: (ULP 1.1) Detected no uses of low power mode state changing instructions
Finished building target: "lab_adc_final.out"
 
"C:/ti/ccs1210/ccs/utils/tiobj2bin/tiobj2bin" "lab_adc_final.out" "lab_adc_final.bin" "C:/ti/ccs1210/ccs/tools/compiler/ti-cgt-arm_20.2.7.LTS/bin/armofd" "C:/ti/ccs1210/ccs/tools/compiler/ti-cgt-arm_20.2.7.LTS/bin/armhex" "C:/ti/ccs1210/ccs/utils/tiobj2bin/mkhex4bin"
 

**** Build Finished ****
